{
  "baseline": {
    "model": "codegemma:7b",
    "timestamp": "2026-02-03T02:16:51.900523",
    "tests": [
      {
        "name": "fibonacci",
        "difficulty": "easy",
        "passed": true,
        "generated_code": "import pytest\n\n@pytest.mark.parametrize(\"n, expected\", [\n    (0, 0),\n    (1, 1),\n    (2, 1),\n    (3, 2),\n    (4, 3),\n    (10, 55),\n])\ndef test_fibonacci(n, expected):\n    assert fibonacci(n) == expected",
        "returncode": 0,
        "stdout": "arts =============================\nplatform win32 -- Python 3.10.11, pytest-7.4.3, pluggy-1.5.0 -- C:\\Users\\rajee\\AppData\\Local\\Microsoft\\WindowsApps\\PythonSoftwareFoundation.Python.3.10_qbz5n2kfra8p0\\python.exe\ncachedir: .pytest_cache\nrootdir: C:\\Users\\rajee\\AppData\\Local\\Temp\\tmpmrmcp6m6\nplugins: anyio-4.9.0, hydra-core-1.3.2, langsmith-0.5.2, asyncio-0.21.1, time-machine-2.14.1\nasyncio: mode=strict\ncollecting ... collected 6 items\n\ntest_code.py::test_fibonacci[0-0] PASSED                                 [ 16%]\ntest_code.py::test_fibonacci[1-1] PASSED                                 [ 33%]\ntest_code.py::test_fibonacci[2-1] PASSED                                 [ 50%]\ntest_code.py::test_fibonacci[3-2] PASSED                                 [ 66%]\ntest_code.py::test_fibonacci[4-3] PASSED                                 [ 83%]\ntest_code.py::test_fibonacci[10-55] PASSED                               [100%]\n\n============================== 6 passed in 0.04s ==============================\n",
        "stderr": ""
      },
      {
        "name": "reverse_string",
        "difficulty": "easy",
        "passed": true,
        "generated_code": "import pytest\n\n@pytest.mark.parametrize(\"input_str, expected_output\", [\n    (\"hello\", \"olleh\"),\n    (\"world\", \"dlrow\"),\n    (\"\", \"\"),\n    (\"a\", \"a\"),\n])\ndef test_reverse_string(input_str: str, expected_output: str):\n    assert reverse_string(input_str) == expected_output",
        "returncode": 0,
        "stdout": "============================= test session starts =============================\nplatform win32 -- Python 3.10.11, pytest-7.4.3, pluggy-1.5.0 -- C:\\Users\\rajee\\AppData\\Local\\Microsoft\\WindowsApps\\PythonSoftwareFoundation.Python.3.10_qbz5n2kfra8p0\\python.exe\ncachedir: .pytest_cache\nrootdir: C:\\Users\\rajee\\AppData\\Local\\Temp\\tmpfn0cgukj\nplugins: anyio-4.9.0, hydra-core-1.3.2, langsmith-0.5.2, asyncio-0.21.1, time-machine-2.14.1\nasyncio: mode=strict\ncollecting ... collected 4 items\n\ntest_code.py::test_reverse_string[hello-olleh] PASSED                    [ 25%]\ntest_code.py::test_reverse_string[world-dlrow] PASSED                    [ 50%]\ntest_code.py::test_reverse_string[-] PASSED                              [ 75%]\ntest_code.py::test_reverse_string[a-a] PASSED                            [100%]\n\n============================== 4 passed in 0.04s ==============================\n",
        "stderr": ""
      },
      {
        "name": "is_palindrome",
        "difficulty": "easy",
        "passed": false,
        "generated_code": "import pytest\n\n@pytest.mark.parametrize(\"s, expected\", [\n    (\"racecar\", True),\n    (\"madam\", True),\n    (\"A man, a plan, a canal: Panama\", True),\n    (\"not a palindrome\", False),\n    (\"\", True),\n    (\"a\", True),\n])\ndef test_is_palindrome(s, expected):\n    assert is_palindrome(s) == expected",
        "returncode": 1,
        "stdout": " [ 16%]\ntest_code.py::test_is_palindrome[madam-True] PASSED                      [ 33%]\ntest_code.py::test_is_palindrome[A man, a plan, a canal: Panama-True] FAILED [ 50%]\ntest_code.py::test_is_palindrome[not a palindrome-False] PASSED          [ 66%]\ntest_code.py::test_is_palindrome[-True] PASSED                           [ 83%]\ntest_code.py::test_is_palindrome[a-True] PASSED                          [100%]\n\n================================== FAILURES ===================================\n___________ test_is_palindrome[A man, a plan, a canal: Panama-True] ___________\ntest_code.py:15: in test_is_palindrome\n    assert is_palindrome(s) == expected\nE   AssertionError: assert False == True\nE    +  where False = is_palindrome('A man, a plan, a canal: Panama')\n=========================== short test summary info ===========================\nFAILED test_code.py::test_is_palindrome[A man, a plan, a canal: Panama-True]\n========================= 1 failed, 5 passed in 0.20s =========================\n",
        "stderr": ""
      },
      {
        "name": "factorial",
        "difficulty": "easy",
        "passed": true,
        "generated_code": "import pytest\n\n@pytest.mark.parametrize(\"n, expected\", [\n    (0, 1),\n    (1, 1),\n    (5, 120),\n    (10, 3628800)\n])\ndef test_factorial_positive(n, expected):\n    assert factorial(n) == expected\n\n@pytest.mark.parametrize(\"n\", [-1, -5])\ndef test_factorial_negative(n):\n    with pytest.raises(ValueError):\n        factorial(n)",
        "returncode": 0,
        "stdout": "arts =============================\nplatform win32 -- Python 3.10.11, pytest-7.4.3, pluggy-1.5.0 -- C:\\Users\\rajee\\AppData\\Local\\Microsoft\\WindowsApps\\PythonSoftwareFoundation.Python.3.10_qbz5n2kfra8p0\\python.exe\ncachedir: .pytest_cache\nrootdir: C:\\Users\\rajee\\AppData\\Local\\Temp\\tmpw9t95i1q\nplugins: anyio-4.9.0, hydra-core-1.3.2, langsmith-0.5.2, asyncio-0.21.1, time-machine-2.14.1\nasyncio: mode=strict\ncollecting ... collected 6 items\n\ntest_code.py::test_factorial_positive[0-1] PASSED                        [ 16%]\ntest_code.py::test_factorial_positive[1-1] PASSED                        [ 33%]\ntest_code.py::test_factorial_positive[5-120] PASSED                      [ 50%]\ntest_code.py::test_factorial_positive[10-3628800] PASSED                 [ 66%]\ntest_code.py::test_factorial_negative[-1] PASSED                         [ 83%]\ntest_code.py::test_factorial_negative[-5] PASSED                         [100%]\n\n============================== 6 passed in 0.02s ==============================\n",
        "stderr": ""
      },
      {
        "name": "two_sum",
        "difficulty": "medium",
        "passed": true,
        "generated_code": "import pytest\n\ndef two_sum(nums: list[int], target: int) -> list[int]:\n    \"\"\"Return indices of two numbers that add up to target.\"\"\"\n    seen = {}\n    for i, num in enumerate(nums):\n        complement = target - num\n        if complement in seen:\n            return [seen[complement], i]\n        seen[num] = i\n    return []\n\n@pytest.mark.parametrize(\"nums, target, expected\", [\n    ([2, 7, 11, 15], 9, [0, 1]),\n    ([3, 2, 4], 6, [1, 2]),\n    ([3, 3], 6, [0, 1]),\n])\ndef test_two_sum(nums, target, e",
        "returncode": 0,
        "stdout": "============================= test session starts =============================\nplatform win32 -- Python 3.10.11, pytest-7.4.3, pluggy-1.5.0 -- C:\\Users\\rajee\\AppData\\Local\\Microsoft\\WindowsApps\\PythonSoftwareFoundation.Python.3.10_qbz5n2kfra8p0\\python.exe\ncachedir: .pytest_cache\nrootdir: C:\\Users\\rajee\\AppData\\Local\\Temp\\tmpno28vj2o\nplugins: anyio-4.9.0, hydra-core-1.3.2, langsmith-0.5.2, asyncio-0.21.1, time-machine-2.14.1\nasyncio: mode=strict\ncollecting ... collected 5 items\n\ntest_code.py::test_two_sum[nums0-9-expected0] PASSED                     [ 20%]\ntest_code.py::test_two_sum[nums1-6-expected1] PASSED                     [ 40%]\ntest_code.py::test_two_sum[nums2-6-expected2] PASSED                     [ 60%]\ntest_code.py::test_two_sum_invalid_input[nums0-0] PASSED                 [ 80%]\ntest_code.py::test_two_sum_invalid_input[nums1-0] PASSED                 [100%]\n\n============================== 5 passed in 0.02s ==============================\n",
        "stderr": ""
      },
      {
        "name": "merge_sorted_lists",
        "difficulty": "medium",
        "passed": true,
        "generated_code": "import pytest\n\n@pytest.mark.parametrize(\"list1, list2, expected\", [\n    ([1, 3, 5], [2, 4, 6], [1, 2, 3, 4, 5, 6]),\n    ([], [1, 2, 3], [1, 2, 3]),\n    ([1, 2, 3], [], [1, 2, 3]),\n    ([1, 2, 3], [4, 5, 6], [1, 2, 3, 4, 5, 6]),\n    ([], [], []),\n])\ndef test_merge_sorted_lists(list1, list2, expected):\n    assert merge_sorted_lists(list1, list2) == expected",
        "returncode": 0,
        "stdout": "============================= test session starts =============================\nplatform win32 -- Python 3.10.11, pytest-7.4.3, pluggy-1.5.0 -- C:\\Users\\rajee\\AppData\\Local\\Microsoft\\WindowsApps\\PythonSoftwareFoundation.Python.3.10_qbz5n2kfra8p0\\python.exe\ncachedir: .pytest_cache\nrootdir: C:\\Users\\rajee\\AppData\\Local\\Temp\\tmp63ljllex\nplugins: anyio-4.9.0, hydra-core-1.3.2, langsmith-0.5.2, asyncio-0.21.1, time-machine-2.14.1\nasyncio: mode=strict\ncollecting ... collected 5 items\n\ntest_code.py::test_merge_sorted_lists[list10-list20-expected0] PASSED    [ 20%]\ntest_code.py::test_merge_sorted_lists[list11-list21-expected1] PASSED    [ 40%]\ntest_code.py::test_merge_sorted_lists[list12-list22-expected2] PASSED    [ 60%]\ntest_code.py::test_merge_sorted_lists[list13-list23-expected3] PASSED    [ 80%]\ntest_code.py::test_merge_sorted_lists[list14-list24-expected4] PASSED    [100%]\n\n============================== 5 passed in 0.03s ==============================\n",
        "stderr": ""
      },
      {
        "name": "validate_email",
        "difficulty": "medium",
        "passed": false,
        "generated_code": "import pytest\n\n@pytest.mark.parametrize(\"email, expected\", [\n    (\"valid@email.com\", True),\n    (\"invalid_email\", False),\n    (\"missing_domain@email\", False),\n    (\"missing_top_level_domain@email.invalid\", False),\n    (\"invalid_character@email.\", False),\n])\ndef test_validate_email(email, expected):\n    assert validate_email(email) == expected",
        "returncode": 1,
        "stdout": "e_email[valid@email.com-True] PASSED           [ 20%]\ntest_code.py::test_validate_email[invalid_email-False] PASSED            [ 40%]\ntest_code.py::test_validate_email[missing_domain@email-False] PASSED     [ 60%]\ntest_code.py::test_validate_email[missing_top_level_domain@email.invalid-False] FAILED [ 80%]\ntest_code.py::test_validate_email[invalid_character@email.-False] PASSED [100%]\n\n================================== FAILURES ===================================\n______ test_validate_email[missing_top_level_domain@email.invalid-False] ______\ntest_code.py:14: in test_validate_email\n    assert validate_email(email) == expected\nE   AssertionError: assert True == False\nE    +  where True = validate_email('missing_top_level_domain@email.invalid')\n=========================== short test summary info ===========================\nFAILED test_code.py::test_validate_email[missing_top_level_domain@email.invalid-False]\n========================= 1 failed, 4 passed in 0.18s =========================\n",
        "stderr": ""
      },
      {
        "name": "flatten_list",
        "difficulty": "medium",
        "passed": true,
        "generated_code": "import pytest\n\n@pytest.mark.parametrize(\"nested, expected\", [\n    ([], []),\n    ([1, 2, 3], [1, 2, 3]),\n    ([[1, 2], [3, 4]], [1, 2, 3, 4]),\n    ([[[1], [2]], [[3], [4]]], [1, 2, 3, 4]),\n])\ndef test_flatten_list(nested, expected):\n    assert flatten_list(nested) == expected",
        "returncode": 0,
        "stdout": "============================= test session starts =============================\nplatform win32 -- Python 3.10.11, pytest-7.4.3, pluggy-1.5.0 -- C:\\Users\\rajee\\AppData\\Local\\Microsoft\\WindowsApps\\PythonSoftwareFoundation.Python.3.10_qbz5n2kfra8p0\\python.exe\ncachedir: .pytest_cache\nrootdir: C:\\Users\\rajee\\AppData\\Local\\Temp\\tmpeiuyxdqy\nplugins: anyio-4.9.0, hydra-core-1.3.2, langsmith-0.5.2, asyncio-0.21.1, time-machine-2.14.1\nasyncio: mode=strict\ncollecting ... collected 4 items\n\ntest_code.py::test_flatten_list[nested0-expected0] PASSED                [ 25%]\ntest_code.py::test_flatten_list[nested1-expected1] PASSED                [ 50%]\ntest_code.py::test_flatten_list[nested2-expected2] PASSED                [ 75%]\ntest_code.py::test_flatten_list[nested3-expected3] PASSED                [100%]\n\n============================== 4 passed in 0.03s ==============================\n",
        "stderr": ""
      },
      {
        "name": "find_duplicates",
        "difficulty": "medium",
        "passed": true,
        "generated_code": "import pytest\n\n@pytest.mark.parametrize(\"nums, expected\", [\n    ([1, 2, 2, 3, 4, 4, 5], [2, 4]),\n    ([1, 2, 3, 4], []),\n    ([], []),\n    ([1], []),\n    ([1, 1], [1]),\n])\ndef test_find_duplicates(nums, expected):\n    assert find_duplicates(nums) == expected",
        "returncode": 0,
        "stdout": "============================= test session starts =============================\nplatform win32 -- Python 3.10.11, pytest-7.4.3, pluggy-1.5.0 -- C:\\Users\\rajee\\AppData\\Local\\Microsoft\\WindowsApps\\PythonSoftwareFoundation.Python.3.10_qbz5n2kfra8p0\\python.exe\ncachedir: .pytest_cache\nrootdir: C:\\Users\\rajee\\AppData\\Local\\Temp\\tmpyn4q_9we\nplugins: anyio-4.9.0, hydra-core-1.3.2, langsmith-0.5.2, asyncio-0.21.1, time-machine-2.14.1\nasyncio: mode=strict\ncollecting ... collected 5 items\n\ntest_code.py::test_find_duplicates[nums0-expected0] PASSED               [ 20%]\ntest_code.py::test_find_duplicates[nums1-expected1] PASSED               [ 40%]\ntest_code.py::test_find_duplicates[nums2-expected2] PASSED               [ 60%]\ntest_code.py::test_find_duplicates[nums3-expected3] PASSED               [ 80%]\ntest_code.py::test_find_duplicates[nums4-expected4] PASSED               [100%]\n\n============================== 5 passed in 0.03s ==============================\n",
        "stderr": ""
      },
      {
        "name": "stack_class",
        "difficulty": "hard",
        "passed": true,
        "generated_code": "import pytest\n\n@pytest.fixture\ndef stack():\n    return Stack()\n\ndef test_push(stack):\n    stack.push(1)\n    assert stack.size() == 1\n    assert stack.peek() == 1\n\ndef test_pop_empty_stack(stack):\n    with pytest.raises(IndexError):\n        stack.pop()\n\ndef test_peek_empty_stack(stack):\n    with pytest.raises(IndexError):\n        stack.peek()\n\ndef test_is_empty(stack):\n    assert stack.is_empty() is True\n    stack.push(1)\n    assert stack.is_empty() is False\n\ndef test_size(stack):\n    assert stac",
        "returncode": 0,
        "stdout": "============================= test session starts =============================\nplatform win32 -- Python 3.10.11, pytest-7.4.3, pluggy-1.5.0 -- C:\\Users\\rajee\\AppData\\Local\\Microsoft\\WindowsApps\\PythonSoftwareFoundation.Python.3.10_qbz5n2kfra8p0\\python.exe\ncachedir: .pytest_cache\nrootdir: C:\\Users\\rajee\\AppData\\Local\\Temp\\tmprp5chtiy\nplugins: anyio-4.9.0, hydra-core-1.3.2, langsmith-0.5.2, asyncio-0.21.1, time-machine-2.14.1\nasyncio: mode=strict\ncollecting ... collected 5 items\n\ntest_code.py::test_push PASSED                                           [ 20%]\ntest_code.py::test_pop_empty_stack PASSED                                [ 40%]\ntest_code.py::test_peek_empty_stack PASSED                               [ 60%]\ntest_code.py::test_is_empty PASSED                                       [ 80%]\ntest_code.py::test_size PASSED                                           [100%]\n\n============================== 5 passed in 0.04s ==============================\n",
        "stderr": ""
      },
      {
        "name": "lru_cache",
        "difficulty": "hard",
        "passed": false,
        "generated_code": "import pytest\nfrom collections import OrderedDict\n\nclass LRUCache:\n    # Code from the original problem\n\ndef test_get_missing_key():\n    cache = LRUCache(2)\n    assert cache.get(\"key\") is None\n\ndef test_put_new_key():\n    cache = LRUCache(2)\n    cache.put(\"key\", \"value\")\n    assert cache.cache[\"key\"] == \"value\"\n\ndef test_put_existing_key():\n    cache = LRUCache(2)\n    cache.put(\"key\", \"value1\")\n    cache.put(\"key\", \"value2\")\n    assert cache.cache[\"key\"] == \"value2\"\n\ndef test_capacity_limit():\n ",
        "returncode": 2,
        "stdout": "Cache\\local-packages\\Python310\\site-packages\\_pytest\\assertion\\rewrite.py:177: in exec_module\n    source_stat, co = _rewrite_test(fn, self.config)\n..\\..\\Packages\\PythonSoftwareFoundation.Python.3.10_qbz5n2kfra8p0\\LocalCache\\local-packages\\Python310\\site-packages\\_pytest\\assertion\\rewrite.py:359: in _rewrite_test\n    tree = ast.parse(source, filename=strfn)\nC:\\Program Files\\WindowsApps\\PythonSoftwareFoundation.Python.3.10_3.10.3056.0_x64__qbz5n2kfra8p0\\lib\\ast.py:50: in parse\n    return compile(source, filename, mode, flags,\nE     File \"C:\\Users\\rajee\\AppData\\Local\\Temp\\tmpxaoj7s1j\\test_code.py\", line 10\nE       def test_get_missing_key():\nE       ^^^\nE   IndentationError: expected an indented block after class definition on line 7\n=========================== short test summary info ===========================\nERROR test_code.py\n!!!!!!!!!!!!!!!!!!! Interrupted: 1 error during collection !!!!!!!!!!!!!!!!!!!!\n============================== 1 error in 0.27s ===============================\n",
        "stderr": ""
      },
      {
        "name": "binary_search_tree",
        "difficulty": "hard",
        "passed": true,
        "generated_code": "import pytest\n\n@pytest.fixture\ndef bst():\n    return BST()\n\ndef test_insert_empty_tree(bst):\n    bst.insert(5)\n    assert bst.root.val == 5\n\ndef test_insert_left_child(bst):\n    bst.insert(5)\n    bst.insert(3)\n    assert bst.root.left.val == 3\n\ndef test_insert_right_child(bst):\n    bst.insert(5)\n    bst.insert(7)\n    assert bst.root.right.val == 7\n\ndef test_search_existing_value(bst):\n    bst.insert(5)\n    assert bst.search(5) is True\n\ndef test_search_non_existing_value(bst):\n    bst.insert(5)\n ",
        "returncode": 0,
        "stdout": "arts =============================\nplatform win32 -- Python 3.10.11, pytest-7.4.3, pluggy-1.5.0 -- C:\\Users\\rajee\\AppData\\Local\\Microsoft\\WindowsApps\\PythonSoftwareFoundation.Python.3.10_qbz5n2kfra8p0\\python.exe\ncachedir: .pytest_cache\nrootdir: C:\\Users\\rajee\\AppData\\Local\\Temp\\tmps3_dh0up\nplugins: anyio-4.9.0, hydra-core-1.3.2, langsmith-0.5.2, asyncio-0.21.1, time-machine-2.14.1\nasyncio: mode=strict\ncollecting ... collected 6 items\n\ntest_code.py::test_insert_empty_tree PASSED                              [ 16%]\ntest_code.py::test_insert_left_child PASSED                              [ 33%]\ntest_code.py::test_insert_right_child PASSED                             [ 50%]\ntest_code.py::test_search_existing_value PASSED                          [ 66%]\ntest_code.py::test_search_non_existing_value PASSED                      [ 83%]\ntest_code.py::test_search_empty_tree PASSED                              [100%]\n\n============================== 6 passed in 0.03s ==============================\n",
        "stderr": ""
      },
      {
        "name": "rate_limiter",
        "difficulty": "hard",
        "passed": false,
        "generated_code": "import pytest\nimport time\n\nfrom rate_limiter import RateLimiter\n\n@pytest.fixture\ndef rate_limiter():\n    return RateLimiter(max_requests=5, window_seconds=1)\n\ndef test_allow_request_within_limit(rate_limiter):\n    for _ in range(5):\n        assert rate_limiter.allow_request() is True\n\ndef test_allow_request_exceed_limit(rate_limiter):\n    for _ in range(5):\n        rate_limiter.allow_request()\n    assert rate_limiter.allow_request() is False\n\ndef test_allow_request_reset_window(rate_limiter):\n  ",
        "returncode": 2,
        "stdout": "\nasyncio: mode=strict\ncollecting ... collected 0 items / 1 error\n\n=================================== ERRORS ====================================\n________________________ ERROR collecting test_code.py ________________________\nImportError while importing test module 'C:\\Users\\rajee\\AppData\\Local\\Temp\\tmp8s_uqwu8\\test_code.py'.\nHint: make sure your test modules/packages have valid Python names.\nTraceback:\nC:\\Program Files\\WindowsApps\\PythonSoftwareFoundation.Python.3.10_3.10.3056.0_x64__qbz5n2kfra8p0\\lib\\importlib\\__init__.py:126: in import_module\n    return _bootstrap._gcd_import(name[level:], package, level)\ntest_code.py:7: in <module>\n    from rate_limiter import RateLimiter\nE   ModuleNotFoundError: No module named 'rate_limiter'\n=========================== short test summary info ===========================\nERROR test_code.py\n!!!!!!!!!!!!!!!!!!! Interrupted: 1 error during collection !!!!!!!!!!!!!!!!!!!!\n============================== 1 error in 0.20s ===============================\n",
        "stderr": ""
      },
      {
        "name": "safe_divide",
        "difficulty": "medium",
        "passed": true,
        "generated_code": "import pytest\n\n@pytest.mark.parametrize(\"a, b, expected\", [\n    (10, 2, 5),\n    (10, 0, None),\n])\ndef test_safe_divide(a, b, expected):\n    assert safe_divide(a, b) == expected",
        "returncode": 0,
        "stdout": "============================= test session starts =============================\nplatform win32 -- Python 3.10.11, pytest-7.4.3, pluggy-1.5.0 -- C:\\Users\\rajee\\AppData\\Local\\Microsoft\\WindowsApps\\PythonSoftwareFoundation.Python.3.10_qbz5n2kfra8p0\\python.exe\ncachedir: .pytest_cache\nrootdir: C:\\Users\\rajee\\AppData\\Local\\Temp\\tmp0_btd2_m\nplugins: anyio-4.9.0, hydra-core-1.3.2, langsmith-0.5.2, asyncio-0.21.1, time-machine-2.14.1\nasyncio: mode=strict\ncollecting ... collected 2 items\n\ntest_code.py::test_safe_divide[10-2-5] PASSED                            [ 50%]\ntest_code.py::test_safe_divide[10-0-None] PASSED                         [100%]\n\n============================== 2 passed in 0.03s ==============================\n",
        "stderr": ""
      },
      {
        "name": "parse_int_safe",
        "difficulty": "medium",
        "passed": true,
        "generated_code": "import pytest\n\n@pytest.mark.parametrize(\"s, expected\", [\n    (\"123\", 123),\n    (\"  123  \", 123),\n    (\"a\", 0),\n    (\"\", 0),\n    (None, 0),\n])\ndef test_parse_int_safe(s, expected):\n    assert parse_int_safe(s) == expected",
        "returncode": 0,
        "stdout": "============================= test session starts =============================\nplatform win32 -- Python 3.10.11, pytest-7.4.3, pluggy-1.5.0 -- C:\\Users\\rajee\\AppData\\Local\\Microsoft\\WindowsApps\\PythonSoftwareFoundation.Python.3.10_qbz5n2kfra8p0\\python.exe\ncachedir: .pytest_cache\nrootdir: C:\\Users\\rajee\\AppData\\Local\\Temp\\tmp3x2ovamu\nplugins: anyio-4.9.0, hydra-core-1.3.2, langsmith-0.5.2, asyncio-0.21.1, time-machine-2.14.1\nasyncio: mode=strict\ncollecting ... collected 5 items\n\ntest_code.py::test_parse_int_safe[123-123] PASSED                        [ 20%]\ntest_code.py::test_parse_int_safe[  123  -123] PASSED                    [ 40%]\ntest_code.py::test_parse_int_safe[a-0] PASSED                            [ 60%]\ntest_code.py::test_parse_int_safe[-0] PASSED                             [ 80%]\ntest_code.py::test_parse_int_safe[None-0] PASSED                         [100%]\n\n============================== 5 passed in 0.03s ==============================\n",
        "stderr": ""
      }
    ],
    "summary": {
      "easy": 3,
      "medium": 6,
      "hard": 2
    },
    "total_passed": 11,
    "total_tests": 15,
    "pass_rate": 0.7333333333333333
  },
  "finetuned": {
    "model": "codegemma-kodcode",
    "timestamp": "2026-02-03T02:18:24.420258",
    "tests": [
      {
        "name": "fibonacci",
        "difficulty": "easy",
        "passed": false,
        "error": "No response from model"
      },
      {
        "name": "reverse_string",
        "difficulty": "easy",
        "passed": false,
        "error": "No response from model"
      },
      {
        "name": "is_palindrome",
        "difficulty": "easy",
        "passed": false,
        "error": "No response from model"
      },
      {
        "name": "factorial",
        "difficulty": "easy",
        "passed": false,
        "error": "No response from model"
      },
      {
        "name": "two_sum",
        "difficulty": "medium",
        "passed": false,
        "error": "No response from model"
      },
      {
        "name": "merge_sorted_lists",
        "difficulty": "medium",
        "passed": false,
        "error": "No response from model"
      },
      {
        "name": "validate_email",
        "difficulty": "medium",
        "passed": false,
        "error": "No response from model"
      },
      {
        "name": "flatten_list",
        "difficulty": "medium",
        "passed": false,
        "error": "No response from model"
      },
      {
        "name": "find_duplicates",
        "difficulty": "medium",
        "passed": false,
        "error": "No response from model"
      },
      {
        "name": "stack_class",
        "difficulty": "hard",
        "passed": false,
        "error": "No response from model"
      },
      {
        "name": "lru_cache",
        "difficulty": "hard",
        "passed": false,
        "error": "No response from model"
      },
      {
        "name": "binary_search_tree",
        "difficulty": "hard",
        "passed": false,
        "error": "No response from model"
      },
      {
        "name": "rate_limiter",
        "difficulty": "hard",
        "passed": false,
        "error": "No response from model"
      },
      {
        "name": "safe_divide",
        "difficulty": "medium",
        "passed": false,
        "error": "No response from model"
      },
      {
        "name": "parse_int_safe",
        "difficulty": "medium",
        "passed": false,
        "error": "No response from model"
      }
    ],
    "summary": {
      "easy": 0,
      "medium": 0,
      "hard": 0
    },
    "total_passed": 0,
    "total_tests": 15,
    "pass_rate": 0.0
  },
  "improvement": -0.7333333333333333
}